<?xml version="1.0" encoding="UTF-8"?>
<!-- Generated by org.testng.reporters.JUnitXMLReporter -->
<testsuite hostname="LAPTOP-CLOFSUPE" ignored="0" name="Default test" tests="4" failures="0" timestamp="2021-04-27T07:29:38 IST" time="0.054" errors="0">
  <testcase name="test1" time="0.006" classname="TestNGAnnotations.TestNGDiffAnnoWithAsserts"/>
  <testcase name="test2" time="0.001" classname="TestNGAnnotations.TestNGDiffAnnoWithAsserts"/>
  <testcase name="test3" time="0.001" classname="TestNGAnnotations.TestNGDiffAnnoWithAsserts"/>
  <testcase name="test4" time="0.005" classname="TestNGAnnotations.TestNGDiffAnnoWithAsserts"/>
</testsuite> <!-- Default test -->
